<?xml version="1.0" encoding="UTF-8"?>
<!-- Generated by org.testng.reporters.JUnitXMLReporter -->
<testsuite hostname="DESKTOP-VT4BND7" ignored="0" name="Naveen" tests="4" failures="0" timestamp="2023-08-10T11:36:10 IST" time="15.044" errors="0">
  <testcase name="nav" time="3.631" classname="com.orange.Testcase.DashboardTestcase"/>
  <testcase name="loginValidation" time="1.294" classname="com.orange.Testcase.LoginTestcase"/>
  <testcase name="loginValidation" time="1.437" classname="com.orange.Testcase.LoginTestcase"/>
  <testcase name="logout" time="0.922" classname="com.orange.Testcase.LoginTestcase"/>
</testsuite> <!-- Naveen -->
