<?xml version="1.0" encoding="UTF-8"?>
<testng-results ignored="0" total="2" passed="2" failed="0" skipped="0">
  <reporter-output>
  </reporter-output>
  <suite started-at="2023-08-13T14:00:48Z" name="Suite" finished-at="2023-08-13T14:01:38Z" duration-ms="49137">
    <groups>
    </groups>
    <test started-at="2023-08-13T14:00:48Z" name="Test" finished-at="2023-08-13T14:01:38Z" duration-ms="49137">
      <class name="com.orange.Testcase.LoginTestcase">
        <test-method is-config="true" signature="launchbrowser()[pri:0, instance:com.orange.Testcase.LoginTestcase@456d6c1e]" started-at="2023-08-13T14:00:49Z" name="launchbrowser" finished-at="2023-08-13T14:00:52Z" duration-ms="3636" status="PASS">
          <reporter-output>
          </reporter-output>
        </test-method> <!-- launchbrowser -->
        <test-method signature="loginValidation(java.lang.String, java.lang.String)[pri:1, instance:com.orange.Testcase.LoginTestcase@456d6c1e]" started-at="2023-08-13T14:00:53Z" name="loginValidation" data-provider="login" finished-at="2023-08-13T14:01:15Z" duration-ms="21781" status="PASS">
          <params>
            <param index="0">
              <value>
                <![CDATA[admin]]>
              </value>
            </param>
            <param index="1">
              <value>
                <![CDATA[nav]]>
              </value>
            </param>
          </params>
          <reporter-output>
          </reporter-output>
        </test-method> <!-- loginValidation -->
        <test-method signature="loginValidation(java.lang.String, java.lang.String)[pri:1, instance:com.orange.Testcase.LoginTestcase@456d6c1e]" started-at="2023-08-13T14:01:15Z" name="loginValidation" data-provider="login" finished-at="2023-08-13T14:01:37Z" duration-ms="22528" status="PASS">
          <params>
            <param index="0">
              <value>
                <![CDATA[admin]]>
              </value>
            </param>
            <param index="1">
              <value>
                <![CDATA[Naveen@1995]]>
              </value>
            </param>
          </params>
          <reporter-output>
          </reporter-output>
        </test-method> <!-- loginValidation -->
        <test-method is-config="true" signature="teardown()[pri:0, instance:com.orange.Testcase.LoginTestcase@456d6c1e]" started-at="2023-08-13T14:01:37Z" name="teardown" finished-at="2023-08-13T14:01:38Z" duration-ms="110" status="PASS">
          <reporter-output>
          </reporter-output>
        </test-method> <!-- teardown -->
      </class> <!-- com.orange.Testcase.LoginTestcase -->
    </test> <!-- Test -->
  </suite> <!-- Suite -->
</testng-results>
